http://www.dailyemerald.com/ has no .entry-content
http://dailyemerald.com/section/sports/ has no .entry-content
51 left.
http://dailyemerald.com/section/news/ has no .entry-content
http://dailyemerald.com/section/scene/ has no .entry-content
http://dailyemerald.com has no .entry-content
http://dailyemerald.com/section/multimedia/ has no .entry-content
47 left.
_2012_07_02_todays-edition-2012-olympic-trials-day-11_ saved.
_2012_07_02_usatf-annouces-tarmoh-withdraws-from-run-off_ saved.
_2012_07_01_former-oregon-runners-matthew-centrowitz-and-andrew-wheating-earn-tickets-to-london_ saved.
_2012_07_01_final-oregon-rundown_ saved.
_2012_07_01_day-10-recap-looking-back-at-the-most-memorable-moments-of-the-us-olympic-trials_ saved.
_2012_07_01_lieberman-olympic-trials-stand-as-unique-experience-in-american-sporting-landscape_ saved.
_2012_07_01_current-olympic-qualifiers_ saved.
40 left.
_2012_07_01_videou-s-olympic-trials-usatf-announces-100m-run-off_ saved.
_2012_07_01_2258932_ saved.
_2012_07_01_run-off-scheduled-between-allyson-felix-and-jeneba-tarmoh-for-final-womens-100-meters-spot_ saved.
_2012_07_01_out-of-town-spectators-elated-with-atmosphere-of-tracktown-usa_ saved.
_2012_07_01_freimark-race-walking-deserves-more-respect-than-it-has-gotten_ saved.
_2012_07_01_todays-edition-2012-olympic-trials-day-10_ saved.
_2012_07_01_allyson-felix-wins-womens-200-at-u-s-olympic-trials-sets-meet-record_ saved.
_2012_06_30_live-olympic-trials-day-9-final-presser_ saved.
_2012_06_30_full-day-of-finals-on-final-day-of-competition_ saved.
_2012_06_30_christian-taylor-chaunte-lowe-and-aries-merrit-were-front-runners-in-saturdays-events_ saved.
30 left.
_2012_06_30_heritage-athlete-carl-lewis_ saved.
_2012_06_30_photos-2012-u-s-olympic-trials-day-9-june-30_ saved.
_2012_06_30_photos-first-place-fountain-starts-day-2-with-a-150-point-lead-on-day-in-the-womens-heptathlon_ saved.
_2012_06_30_june-30-heat-sheet_ saved.
_2012_06_30_photos-best-of-olympic-trials-day-8-june-29_ saved.
_2012_06_29_vin-lananna-to-step-down-as-head-coach-of-oregon-track-and-field-robert-johnson-will-take-his-place_ saved.
_2012_06_30_todays-edition-2012-olympic-trials-day-9_ saved.
_2012_07_02_usatf-annouces-tarmoh-withdraws-from-run-off_ saved.
_2012_07_02_todays-edition-2012-olympic-trials-day-11_ saved.
_2012_06_29_cant-miss-events-of-the-day-june-30_ saved.
20 left.
_2012_07_01_day-10-recap-looking-back-at-the-most-memorable-moments-of-the-us-olympic-trials_ saved.
_2012_07_01_lieberman-olympic-trials-stand-as-unique-experience-in-american-sporting-landscape_ saved.
_2012_07_01_current-olympic-qualifiers_ saved.
_2012_07_01_former-oregon-runners-matthew-centrowitz-and-andrew-wheating-earn-tickets-to-london_ saved.
_2012_07_01_final-oregon-rundown_ saved.
_2012_07_01_videou-s-olympic-trials-usatf-announces-100m-run-off_ saved.
_2012_07_01_2258932_ saved.
_2012_07_01_run-off-scheduled-between-allyson-felix-and-jeneba-tarmoh-for-final-womens-100-meters-spot_ saved.
_2012_07_01_out-of-town-spectators-elated-with-atmosphere-of-tracktown-usa_ saved.
_2012_07_01_freimark-race-walking-deserves-more-respect-than-it-has-gotten_ saved.
10 left.
_2012_07_01_todays-edition-2012-olympic-trials-day-10_ saved.
_2012_07_01_allyson-felix-wins-womens-200-at-u-s-olympic-trials-sets-meet-record_ saved.
_2012_06_30_full-day-of-finals-on-final-day-of-competition_ saved.
_2012_06_30_live-olympic-trials-day-9-final-presser_ saved.
_2012_06_30_christian-taylor-chaunte-lowe-and-aries-merrit-were-front-runners-in-saturdays-events_ saved.
_2012_06_30_heritage-athlete-carl-lewis_ saved.
_2012_06_30_photos-2012-u-s-olympic-trials-day-9-june-30_ saved.
http://www.dailyemerald.com/?page=2 has no .entry-content
http://dailyemerald.com/ has no .entry-content
_2012_06_30_photos-first-place-fountain-starts-day-2-with-a-150-point-lead-on-day-in-the-womens-heptathlon_ saved.
time to rumble
